paq7/paq7plus/src/paq7plus.cpp
paq7/paq7plus119/src/paq7plus.cpp
paq8/paq8kx_v1.cpp
paq8/paq8kx_v2.cpp
paq8/paq8kx_v3.cpp
paq8/paq8o8z-jun7/paq8o8z.cpp
paq8/paq8px_v121_fix1/paq8px_v121_fix1.cpp
paq8/paq8px_v121_fix2/paq8px_v121_fix2.cpp
paq8/paq8px_v121_fix3/paq8px_v121_fix3.cpp
paq8/paq8px_v122/paq8px_v122.cpp
paq8/paq8px_v126/paq8px_v126.cpp
paq8/paq8px_v128/paq8px_v128.cpp
paq8/paq8px_v129/paq8px_v129.cpp
paq8/paq8px_v129_fix1/paq8px_v129_fix1.cpp
paq8/paq8px_v129_fix2/paq8px_v129_fix2.cpp
paq8/paq8px_v130/paq8px_v130.cpp
paq8/paq8px_v130_fix1/paq8px_v130_fix1.cpp
paq8/paq8px_v130_fix2/paq8px_v130_fix2.cpp
paq8/paq8px_v68/paq8px_v68.cpp
paq8/paq8px_v87/paq8px_v87.cpp
paq8/paq8px_v88/paq8px_v88.cpp
paq8/paq8px_v90/paq8px_v90.cpp
paq8/paq8px_v92/paq8px_v92.cpp
paq8/paq8pxd_v18/paq8pxd_v18.cpp
paq8/paq8pxd_v19/paq8pxd_v19.cpp
paq8/paq8pxd_v20/paq8pxd_v20.cpp
paq8/paq8pxd_v21/paq8pxd_v21.cpp
paq8/paq8pxd_v23/paq8pxd_v23.cpp
paq8/paq8pxd_v24/paq8pxd_v24.cpp
paq8/paq8pxd_v25/paq8pxd_v25.cpp
paq8/paq8pxd_v26/paq8pxd_v26.cpp
paq8/paq8pxd_v27/paq8pxd_v27.cpp
paq8/paq8pxd_v28/paq8pxd_v28.cpp
paq8/paq8pxd_v31/paq8pxd_v31.cpp
paq8/paq8pxd_v32/paq8pxd_v32.cpp
paq8/paq8pxd_v34/paq8pxd_v34.cpp
paq8/paq8pxd_v35/paq8pxd_v35.cpp
paq8/paq8pxd_v36/paq8pxd_v36.cpp
paq8/paq8pxd_v37/paq8pxd_v37.cpp
paq8/paq8pxd_v38/paq8pxd_v38.cpp
paq8/paq8pxd_v39/paq8pxd_v39.cpp
paq8/paq8pxd_v40/paq8pxd_v40.cpp
paq8/paq8pxd_v41/paq8pxd_v41.cpp
paq8/paq8pxd_v42/paq8pxd_v42.cpp
paq8/paq8pxd_v43/paq8pxd_v43.cpp
paq8/paq8pxd_v44/paq8pxd_v44.cpp
paq8/paq8pxpreTBL/paq8pxpreTBL.cpp
paq8/paq8pxpre_lp/paq8pxpre_lp.cpp
paqar/paqar1c/PAQAR1c.cpp
paqar/paqar1d/PAQAR1d.cpp
paqar/paqar2/PAQAR2.cpp
paqar/paqar3/PAQAR3.cpp
paqar/paqar4/PAQAR4.cpp
paqar/paqar41/PAQAR41.cpp
paqar/paqar45/PAQAR45.cpp
paqar/paqar45l/PAQAR45l.cpp
